[debug] [2021-06-30T13:46:23.143Z] ----------------------------------------------------------------------
[debug] [2021-06-30T13:46:23.146Z] Command:       C:\Program Files\nodejs\node.exe C:\Users\Win10\AppData\Roaming\npm\node_modules\firebase-tools\lib\bin\firebase.js emulators:start
[debug] [2021-06-30T13:46:23.146Z] CLI Version:   9.12.1
[debug] [2021-06-30T13:46:23.146Z] Platform:      win32
[debug] [2021-06-30T13:46:23.146Z] Node Version:  v15.8.0
[debug] [2021-06-30T13:46:23.148Z] Time:          Wed Jun 30 2021 19:16:23 GMT+0530 (India Standard Time)
[debug] [2021-06-30T13:46:23.148Z] ----------------------------------------------------------------------
[debug] 
[debug] [2021-06-30T13:46:23.151Z] >>> [apiv2][query] GET https://firebase-public.firebaseio.com/cli.json [none]
[debug] [2021-06-30T13:46:23.184Z] > command requires scopes: ["email","openid","https://www.googleapis.com/auth/cloudplatformprojects.readonly","https://www.googleapis.com/auth/firebase","https://www.googleapis.com/auth/cloud-platform"]
[debug] [2021-06-30T13:46:23.184Z] > authorizing via signed-in user (prakhar10001@gmail.com)
[info] i  emulators: Starting emulators: functions, hosting {"metadata":{"emulator":{"name":"hub"},"message":"Starting emulators: functions, hosting"}}
[debug] [2021-06-30T13:46:23.212Z] [hub] writing locator at C:\Users\Win10\AppData\Local\Temp\hub-clone-with-react-28928.json
[warn] !  functions: The following emulators are not running, calls to these services from the Functions emulator will affect production: auth, firestore, database, pubsub, storage {"metadata":{"emulator":{"name":"functions"},"message":"The following emulators are not running, calls to these services from the Functions emulator will affect production: \u001b[1mauth, firestore, database, pubsub, storage\u001b[22m"}}
[warn] !  Your requested "node" version "14" doesn't match your global version "15" {"metadata":{"emulator":{"name":"functions"},"message":"Your requested \"node\" version \"14\" doesn't match your global version \"15\""}}
[debug] [2021-06-30T13:46:23.249Z] defaultcredentials: writing to file C:\Users\Win10\AppData\Roaming\firebase\prakhar10001_gmail_com_application_default_credentials.json
[debug] [2021-06-30T13:46:23.251Z] Setting GAC to C:\Users\Win10\AppData\Roaming\firebase\prakhar10001_gmail_com_application_default_credentials.json {"metadata":{"emulator":{"name":"functions"},"message":"Setting GAC to C:\\Users\\Win10\\AppData\\Roaming\\firebase\\prakhar10001_gmail_com_application_default_credentials.json"}}
[debug] [2021-06-30T13:46:23.253Z] > refreshing access token with scopes: []
[debug] [2021-06-30T13:46:23.254Z] >>> HTTP REQUEST POST https://www.googleapis.com/oauth2/v3/token  
 <request body omitted>
[debug] [2021-06-30T13:46:23.744Z] <<< HTTP RESPONSE 200 {"expires":"Mon, 01 Jan 1990 00:00:00 GMT","cache-control":"no-cache, no-store, max-age=0, must-revalidate","pragma":"no-cache","date":"Wed, 30 Jun 2021 13:46:24 GMT","content-type":"application/json; charset=utf-8","vary":"X-Origin, Referer, Origin,Accept-Encoding","server":"scaffolding on HTTPServer2","x-xss-protection":"0","x-frame-options":"SAMEORIGIN","x-content-type-options":"nosniff","alt-svc":"h3=\":443\"; ma=2592000,h3-29=\":443\"; ma=2592000,h3-T051=\":443\"; ma=2592000,h3-Q050=\":443\"; ma=2592000,h3-Q046=\":443\"; ma=2592000,h3-Q043=\":443\"; ma=2592000,quic=\":443\"; ma=2592000; v=\"46,43\"","accept-ranges":"none","transfer-encoding":"chunked"}
[debug] [2021-06-30T13:46:23.757Z] >>> [apiv2][query] GET https://firebase.googleapis.com/v1beta1/projects/clone-with-react-28928/adminSdkConfig [none]
[debug] [2021-06-30T13:46:24.267Z] <<< [apiv2][status] GET https://firebase-public.firebaseio.com/cli.json 200
[debug] [2021-06-30T13:46:24.267Z] <<< [apiv2][body] GET https://firebase-public.firebaseio.com/cli.json {"cloudBuildErrorAfter":1594252800000,"cloudBuildWarnAfter":1590019200000,"defaultNode10After":1594252800000,"minVersion":"3.0.5","node8DeploysDisabledAfter":1613390400000,"node8RuntimeDisabledAfter":1615809600000,"node8WarnAfter":1600128000000}
[debug] [2021-06-30T13:46:24.507Z] <<< [apiv2][status] GET https://firebase.googleapis.com/v1beta1/projects/clone-with-react-28928/adminSdkConfig 200
[debug] [2021-06-30T13:46:24.507Z] <<< [apiv2][body] GET https://firebase.googleapis.com/v1beta1/projects/clone-with-react-28928/adminSdkConfig {"projectId":"clone-with-react-28928","databaseURL":"https://clone-with-react-28928-default-rtdb.firebaseio.com","storageBucket":"clone-with-react-28928.appspot.com","locationId":"us-central"}
[debug] [2021-06-30T13:46:24.524Z] >>> [apiv2][query] GET https://firebasehosting.googleapis.com/v1beta1/projects/clone-with-react-28928/sites 
[debug] [2021-06-30T13:46:26.575Z] <<< [apiv2][status] GET https://firebasehosting.googleapis.com/v1beta1/projects/clone-with-react-28928/sites 200
[debug] [2021-06-30T13:46:26.576Z] <<< [apiv2][body] GET https://firebasehosting.googleapis.com/v1beta1/projects/clone-with-react-28928/sites {"sites":[{"name":"projects/1056186902872/sites/clone-with-react-28928","defaultUrl":"https://clone-with-react-28928.web.app","appId":"1:1056186902872:web:beccdec2faa9b904271d2d","type":"DEFAULT_SITE"}]}
[debug] [2021-06-30T13:46:26.576Z] >>> [apiv2][query] GET https://firebase.googleapis.com/v1beta1/projects/clone-with-react-28928/webApps/1:1056186902872:web:beccdec2faa9b904271d2d/config [none]
[debug] [2021-06-30T13:46:28.400Z] <<< [apiv2][status] GET https://firebase.googleapis.com/v1beta1/projects/clone-with-react-28928/webApps/1:1056186902872:web:beccdec2faa9b904271d2d/config 200
[debug] [2021-06-30T13:46:28.400Z] <<< [apiv2][body] GET https://firebase.googleapis.com/v1beta1/projects/clone-with-react-28928/webApps/1:1056186902872:web:beccdec2faa9b904271d2d/config {"projectId":"clone-with-react-28928","appId":"1:1056186902872:web:beccdec2faa9b904271d2d","databaseURL":"https://clone-with-react-28928-default-rtdb.firebaseio.com","storageBucket":"clone-with-react-28928.appspot.com","locationId":"us-central","apiKey":"AIzaSyAw-3whl9aF1qr1rSyk5CjqhlAngQCPqWM","authDomain":"clone-with-react-28928.firebaseapp.com","messagingSenderId":"1056186902872","measurementId":"G-Q5NT3GYRBW"}
[info] i  hosting: Serving hosting files from: build {"metadata":{"emulator":{"name":"hosting"},"message":"Serving hosting files from: \u001b[1mbuild\u001b[22m"}}
[info] +  hosting: Local server: http://localhost:5000 {"metadata":{"emulator":{"name":"hosting"},"message":"Local server: \u001b[4m\u001b[1mhttp://localhost:5000\u001b[22m\u001b[24m"}}
[debug] [2021-06-30T13:46:28.440Z] Ignoring unsupported arg: auto_download {"metadata":{"emulator":{"name":"ui"},"message":"Ignoring unsupported arg: auto_download"}}
[debug] [2021-06-30T13:46:28.441Z] Ignoring unsupported arg: port {"metadata":{"emulator":{"name":"ui"},"message":"Ignoring unsupported arg: port"}}
[debug] [2021-06-30T13:46:28.441Z] Starting Emulator UI with command {"binary":"node","args":["C:\\Users\\Win10\\.cache\\firebase\\emulators\\ui-v1.5.0\\server.bundle.js"],"optionalArgs":[],"joinArgs":false} {"metadata":{"emulator":{"name":"ui"},"message":"Starting Emulator UI with command {\"binary\":\"node\",\"args\":[\"C:\\\\Users\\\\Win10\\\\.cache\\\\firebase\\\\emulators\\\\ui-v1.5.0\\\\server.bundle.js\"],\"optionalArgs\":[],\"joinArgs\":false}"}}
[info] i  ui: Emulator UI logging to ui-debug.log {"metadata":{"emulator":{"name":"ui"},"message":"Emulator UI logging to \u001b[1mui-debug.log\u001b[22m"}}
[debug] [2021-06-30T13:46:28.647Z] Web / API server started at http://localhost:4000
 {"metadata":{"emulator":{"name":"ui"},"message":"Web / API server started at http://localhost:4000\n"}}
[info] i  functions: Watching "G:\React\react-amazon-clone\functions" for Cloud Functions... {"metadata":{"emulator":{"name":"functions"},"message":"Watching \"G:\\React\\react-amazon-clone\\functions\" for Cloud Functions..."}}
[debug] [2021-06-30T13:46:28.732Z] [worker-pool] addWorker(~diagnostic~) {"metadata":{"emulator":{"name":"functions"},"message":"[worker-pool] addWorker(~diagnostic~)"}}
[debug] [2021-06-30T13:46:28.732Z] [worker-pool] Adding worker with key ~diagnostic~, total=1 {"metadata":{"emulator":{"name":"functions"},"message":"[worker-pool] Adding worker with key ~diagnostic~, total=1"}}
[debug] [2021-06-30T13:46:28.733Z] [worker-pool] submitWork(triggerId=) {"metadata":{"emulator":{"name":"functions"},"message":"[worker-pool] submitWork(triggerId=)"}}
[debug] [2021-06-30T13:46:28.733Z] [worker-~diagnostic~-4bfffcb9-b38d-4992-a0cf-95ea751ae782]: Assigning socketPath: \\?\pipe\G:\React\react-amazon-clone\functions\21768 {"metadata":{"emulator":{"name":"functions"},"message":"[worker-~diagnostic~-4bfffcb9-b38d-4992-a0cf-95ea751ae782]: Assigning socketPath: \\\\?\\pipe\\G:\\React\\react-amazon-clone\\functions\\21768"}}
[debug] [2021-06-30T13:46:28.734Z] [worker-~diagnostic~-4bfffcb9-b38d-4992-a0cf-95ea751ae782]: BUSY {"metadata":{"emulator":{"name":"functions"},"message":"[worker-~diagnostic~-4bfffcb9-b38d-4992-a0cf-95ea751ae782]: BUSY"}}
